Mon Jul 16 21:14:20 
Mon Jul 16 21:14:20 warning: 32-bit servers don't have journaling enabled by default. Please use --journal if you want durability.
Mon Jul 16 21:14:20 
Mon Jul 16 21:14:20 [initandlisten] MongoDB starting : pid=7244 port=27017 dbpath=D:\\THINK-S\\DATA\mongodb 32-bit host=lee99-PC
Mon Jul 16 21:14:20 [initandlisten] 
Mon Jul 16 21:14:20 [initandlisten] ** NOTE: when using MongoDB 32 bit, you are limited to about 2 gigabytes of data
Mon Jul 16 21:14:20 [initandlisten] **       see http://blog.mongodb.org/post/137788967/32-bit-limitations
Mon Jul 16 21:14:20 [initandlisten] **       with --journal, the limit is lower
Mon Jul 16 21:14:20 [initandlisten] 
Mon Jul 16 21:14:20 [initandlisten] db version v2.0.4, pdfile version 4.5
Mon Jul 16 21:14:20 [initandlisten] git version: 329f3c47fe8136c03392c8f0e548506cb21f8ebf
Mon Jul 16 21:14:20 [initandlisten] build info: windows sys.getwindowsversion(major=6, minor=0, build=6002, platform=2, service_pack='Service Pack 2') BOOST_LIB_VERSION=1_42
Mon Jul 16 21:14:20 [initandlisten] options: { config: "D:\THINK-S\SERVER\etc\mongodb.conf", dbpath: "D:\\THINK-S\\DATA\mongodb", logpath: "D:\\THINK-S\\DATA\logs\mongodb.log", port: 27017 }
Mon Jul 16 21:14:20 [initandlisten] waiting for connections on port 27017
Mon Jul 16 21:14:20 [websvr] admin web console waiting for connections on port 28017
Mon Jul 16 23:10:10 [clientcursormon] mem (MB) res:15 virt:61 mapped:0
Mon Jul 16 23:15:10 [clientcursormon] mem (MB) res:15 virt:58 mapped:0
Tue Jul 17 08:12:56 [clientcursormon] mem (MB) res:15 virt:58 mapped:0
Tue Jul 17 08:17:56 [clientcursormon] mem (MB) res:15 virt:58 mapped:0
Tue Jul 17 08:22:56 [clientcursormon] mem (MB) res:15 virt:58 mapped:0
Tue Jul 17 08:27:56 [clientcursormon] mem (MB) res:15 virt:58 mapped:0
Tue Jul 17 08:32:56 [clientcursormon] mem (MB) res:15 virt:58 mapped:0
Tue Jul 17 08:37:56 [clientcursormon] mem (MB) res:15 virt:58 mapped:0
